<?xml version="1.0" encoding="UTF-8"?>
<!-- Generated by org.testng.reporters.JUnitReportReporter -->
<testsuite hostname="DESKTOP-JCFFMLF" failures="0" tests="1" name="Javapractice.TestNG" time="0.004" errors="0" timestamp="2022-10-15T08:26:10 IST" skipped="0">
  <testcase classname="Javapractice.TestNG" name="main" time="0.004"/>
  <system-out/>
</testsuite> <!-- Javapractice.TestNG -->
