<?xml version="1.0" encoding="UTF-8"?>
<!-- Generated by org.testng.reporters.JUnitReportReporter -->
<testsuite hostname="DESKTOP-JCFFMLF" failures="0" tests="1" name="Javapractice.Polindrome" time="0.006" errors="0" timestamp="2024-07-14T11:38:25 IST" skipped="0">
  <testcase classname="Javapractice.Polindrome" name="Rajesh" time="0.006"/>
  <system-out/>
</testsuite> <!-- Javapractice.Polindrome -->
