<?xml version="1.0" encoding="UTF-8"?>
<!-- Generated by org.testng.reporters.JUnitReportReporter -->
<testsuite hostname="DESKTOP-JCFFMLF" failures="0" tests="2" name="Javapractice.JavaStreams" time="0.015" errors="0" timestamp="2022-10-15T08:26:10 IST" skipped="0">
  <testcase classname="Javapractice.JavaStreams" name="main" time="0.012"/>
  <system-out/>
  <testcase classname="Javapractice.JavaStreams" name="warning" time="0.003"/>
  <system-out/>
</testsuite> <!-- Javapractice.JavaStreams -->
