<?xml version="1.0" encoding="UTF-8"?>
<!-- Generated by org.testng.reporters.JUnitReportReporter -->
<testsuite hostname="DESKTOP-JCFFMLF" failures="0" tests="1" name="Javapractice.StringReverse2" time="0.007" errors="0" timestamp="2022-10-15T08:26:10 IST" skipped="0">
  <testcase classname="Javapractice.StringReverse2" name="main" time="0.007"/>
  <system-out/>
</testsuite> <!-- Javapractice.StringReverse2 -->
